25-08-14.11:11:54.037 [main            ] INFO  IIndexGroupBuyMarketServiceTest - Starting IIndexGroupBuyMarketServiceTest using Java 17.0.15 on DESKTOP-F4HHGBB with PID 8972 (started by JieZhou in D:\JavaProgram\group-buy-market\group-buy-market-app)
25-08-14.11:11:54.038 [main            ] INFO  IIndexGroupBuyMarketServiceTest - The following 1 profile is active: "dev"
25-08-14.11:11:55.536 [main            ] INFO  IIndexGroupBuyMarketServiceTest - Started IIndexGroupBuyMarketServiceTest in 1.815 seconds (JVM running for 2.499)
25-08-14.11:11:56.008 [main            ] INFO  RootNode               - 进来root节点，用户id为 xiaofuge， 参数为： {"channel":"c01","goodsId":"9890001","source":"s01","userId":"xiaofuge"}
25-08-14.11:11:56.030 [pool-2-thread-2 ] INFO  HikariDataSource       - HikariPool-1 - Starting...
25-08-14.11:11:56.635 [pool-2-thread-2 ] INFO  HikariDataSource       - HikariPool-1 - Start completed.
25-08-14.11:11:56.738 [main            ] INFO  MarketNode             - 异步加载数据完成
25-08-14.11:11:56.738 [main            ] INFO  MarketNode             - 拼团商品查询试算服务-MarketNode userId:xiaofuge requestParameter:{"channel":"c01","goodsId":"9890001","source":"s01","userId":"xiaofuge"}
25-08-14.11:11:56.738 [main            ] INFO  EndNode                - 拼团商品查询试算服务-EndNode userId:xiaofuge requestParameter:{"channel":"c01","goodsId":"9890001","source":"s01","userId":"xiaofuge"}
25-08-14.11:11:56.739 [main            ] INFO  IIndexGroupBuyMarketServiceTest - 请求参数:{"channel":"c01","goodsId":"9890001","source":"s01","userId":"xiaofuge"}
25-08-14.11:11:56.746 [main            ] INFO  IIndexGroupBuyMarketServiceTest - 返回结果:{"deductionPrice":0.00,"endTime":"2024-12-07 18:19:40","goodsId":"9890001","goodsName":"《手写MyBatis：渐进式源码实践》","isEnable":false,"isVisible":false,"originalPrice":100.00,"startTime":"2024-12-07 18:19:40","targetCount":1}
25-08-14.11:11:56.754 [SpringApplicationShutdownHook] INFO  HikariDataSource       - HikariPool-1 - Shutdown initiated...
25-08-14.11:11:56.925 [SpringApplicationShutdownHook] INFO  HikariDataSource       - HikariPool-1 - Shutdown completed.
25-08-14.11:33:17.160 [main            ] INFO  IIndexGroupBuyMarketServiceTest - Starting IIndexGroupBuyMarketServiceTest using Java 17.0.15 on DESKTOP-F4HHGBB with PID 24804 (started by JieZhou in D:\JavaProgram\group-buy-market\group-buy-market-app)
25-08-14.11:33:17.161 [main            ] INFO  IIndexGroupBuyMarketServiceTest - The following 1 profile is active: "dev"
25-08-14.11:33:18.553 [main            ] INFO  IIndexGroupBuyMarketServiceTest - Started IIndexGroupBuyMarketServiceTest in 1.667 seconds (JVM running for 2.268)
25-08-14.11:33:18.943 [main            ] INFO  RootNode               - 进来root节点，用户id为 xiaofuge， 参数为： {"channel":"c01","goodsId":"9890001","source":"s01","userId":"xiaofuge"}
25-08-14.11:33:18.966 [pool-2-thread-1 ] INFO  HikariDataSource       - HikariPool-1 - Starting...
25-08-14.11:33:19.955 [pool-2-thread-1 ] INFO  HikariDataSource       - HikariPool-1 - Start completed.
25-08-14.11:33:20.045 [main            ] INFO  MarketNode             - 异步加载数据完成
25-08-14.11:33:20.045 [main            ] INFO  MarketNode             - 拼团商品查询试算服务-MarketNode userId:xiaofuge requestParameter:{"channel":"c01","goodsId":"9890001","source":"s01","userId":"xiaofuge"}
25-08-14.11:33:20.048 [main            ] INFO  MarketNode             - 原商品的信息{"goodsId":"9890001","goodsName":"《手写MyBatis：渐进式源码实践》","originalPrice":100.00}
25-08-14.11:33:20.048 [main            ] INFO  ZjDistinctStrategy     - 开始进行直减优惠
25-08-14.11:33:20.060 [SpringApplicationShutdownHook] INFO  HikariDataSource       - HikariPool-1 - Shutdown initiated...
25-08-14.11:33:20.263 [SpringApplicationShutdownHook] INFO  HikariDataSource       - HikariPool-1 - Shutdown completed.
25-08-14.11:34:11.610 [main            ] INFO  IIndexGroupBuyMarketServiceTest - Starting IIndexGroupBuyMarketServiceTest using Java 17.0.15 on DESKTOP-F4HHGBB with PID 27636 (started by JieZhou in D:\JavaProgram\group-buy-market\group-buy-market-app)
25-08-14.11:34:11.611 [main            ] INFO  IIndexGroupBuyMarketServiceTest - The following 1 profile is active: "dev"
25-08-14.11:34:13.007 [main            ] INFO  IIndexGroupBuyMarketServiceTest - Started IIndexGroupBuyMarketServiceTest in 1.669 seconds (JVM running for 2.263)
25-08-14.11:34:13.398 [main            ] INFO  RootNode               - 进来root节点，用户id为 xiaofuge， 参数为： {"channel":"c01","goodsId":"9890001","source":"s01","userId":"xiaofuge"}
25-08-14.11:34:13.419 [pool-2-thread-1 ] INFO  HikariDataSource       - HikariPool-1 - Starting...
25-08-14.11:34:14.678 [pool-2-thread-1 ] INFO  HikariDataSource       - HikariPool-1 - Start completed.
25-08-14.11:34:14.848 [main            ] INFO  MarketNode             - 异步加载数据完成
25-08-14.11:34:14.849 [main            ] INFO  MarketNode             - 拼团商品查询试算服务-MarketNode userId:xiaofuge requestParameter:{"channel":"c01","goodsId":"9890001","source":"s01","userId":"xiaofuge"}
25-08-14.11:34:14.853 [main            ] INFO  MarketNode             - 原商品的信息{"goodsId":"9890001","goodsName":"《手写MyBatis：渐进式源码实践》","originalPrice":100.00}
25-08-14.11:34:14.853 [main            ] INFO  ZjDistinctStrategy     - 开始进行直减优惠
25-08-14.11:34:14.853 [main            ] INFO  EndNode                - 拼团商品查询试算服务-EndNode userId:xiaofuge requestParameter:{"channel":"c01","goodsId":"9890001","source":"s01","userId":"xiaofuge"}
25-08-14.11:34:14.855 [main            ] INFO  IIndexGroupBuyMarketServiceTest - 请求参数:{"channel":"c01","goodsId":"9890001","source":"s01","userId":"xiaofuge"}
25-08-14.11:34:14.861 [main            ] INFO  IIndexGroupBuyMarketServiceTest - 返回结果:{"deductionPrice":0.00,"endTime":"2024-12-07 18:19:40","goodsId":"9890001","goodsName":"《手写MyBatis：渐进式源码实践》","isEnable":false,"isVisible":false,"originalPrice":80.00,"startTime":"2024-12-07 18:19:40","targetCount":1}
25-08-14.11:34:14.868 [SpringApplicationShutdownHook] INFO  HikariDataSource       - HikariPool-1 - Shutdown initiated...
25-08-14.11:34:15.350 [SpringApplicationShutdownHook] INFO  HikariDataSource       - HikariPool-1 - Shutdown completed.
25-08-14.11:39:20.112 [main            ] INFO  IIndexGroupBuyMarketServiceTest - Starting IIndexGroupBuyMarketServiceTest using Java 17.0.15 on DESKTOP-F4HHGBB with PID 23076 (started by JieZhou in D:\JavaProgram\group-buy-market\group-buy-market-app)
25-08-14.11:39:20.113 [main            ] INFO  IIndexGroupBuyMarketServiceTest - The following 1 profile is active: "dev"
25-08-14.11:39:21.519 [main            ] INFO  IIndexGroupBuyMarketServiceTest - Started IIndexGroupBuyMarketServiceTest in 1.701 seconds (JVM running for 2.315)
25-08-14.11:39:21.929 [main            ] INFO  RootNode               - 进来root节点，用户id为 xiaofuge， 参数为： {"channel":"c01","goodsId":"9890001","source":"s01","userId":"xiaofuge"}
25-08-14.11:39:21.953 [pool-2-thread-1 ] INFO  HikariDataSource       - HikariPool-1 - Starting...
25-08-14.11:39:22.705 [pool-2-thread-1 ] INFO  HikariDataSource       - HikariPool-1 - Start completed.
25-08-14.11:39:22.965 [main            ] INFO  MarketNode             - 异步加载数据完成
25-08-14.11:39:22.965 [main            ] INFO  MarketNode             - 拼团商品查询试算服务-MarketNode userId:xiaofuge requestParameter:{"channel":"c01","goodsId":"9890001","source":"s01","userId":"xiaofuge"}
25-08-14.11:39:22.967 [main            ] INFO  MarketNode             - 原商品的信息{"goodsId":"9890001","goodsName":"《手写MyBatis：渐进式源码实践》","originalPrice":100.00}
25-08-14.11:39:22.967 [main            ] INFO  ZjDistinctStrategy     - 开始进行直减优惠
25-08-14.11:39:22.967 [main            ] INFO  EndNode                - 拼团商品查询试算服务-EndNode userId:xiaofuge requestParameter:{"channel":"c01","goodsId":"9890001","source":"s01","userId":"xiaofuge"}
25-08-14.11:39:22.968 [main            ] INFO  IIndexGroupBuyMarketServiceTest - 请求参数:{"channel":"c01","goodsId":"9890001","source":"s01","userId":"xiaofuge"}
25-08-14.11:39:22.973 [main            ] INFO  IIndexGroupBuyMarketServiceTest - 返回结果:{"deductionPrice":0.00,"endTime":"2024-12-07 18:19:40","goodsId":"9890001","goodsName":"《手写MyBatis：渐进式源码实践》","isEnable":false,"isVisible":false,"originalPrice":80.00,"startTime":"2024-12-07 18:19:40","targetCount":1}
25-08-14.11:39:22.981 [SpringApplicationShutdownHook] INFO  HikariDataSource       - HikariPool-1 - Shutdown initiated...
25-08-14.11:39:23.329 [SpringApplicationShutdownHook] INFO  HikariDataSource       - HikariPool-1 - Shutdown completed.
25-08-14.11:39:55.531 [main            ] INFO  IIndexGroupBuyMarketServiceTest - Starting IIndexGroupBuyMarketServiceTest using Java 17.0.15 on DESKTOP-F4HHGBB with PID 15020 (started by JieZhou in D:\JavaProgram\group-buy-market\group-buy-market-app)
25-08-14.11:39:55.532 [main            ] INFO  IIndexGroupBuyMarketServiceTest - The following 1 profile is active: "dev"
25-08-14.11:39:56.988 [main            ] INFO  IIndexGroupBuyMarketServiceTest - Started IIndexGroupBuyMarketServiceTest in 1.725 seconds (JVM running for 2.319)
25-08-14.11:39:57.397 [main            ] INFO  RootNode               - 进来root节点，用户id为 xiaofuge， 参数为： {"channel":"c01","goodsId":"9890001","source":"s01","userId":"xiaofuge"}
25-08-14.11:39:57.419 [pool-2-thread-1 ] INFO  HikariDataSource       - HikariPool-1 - Starting...
25-08-14.11:39:58.220 [pool-2-thread-1 ] INFO  HikariDataSource       - HikariPool-1 - Start completed.
25-08-14.11:39:58.331 [main            ] INFO  MarketNode             - 异步加载数据完成
25-08-14.11:39:58.331 [main            ] INFO  MarketNode             - 拼团商品查询试算服务-MarketNode userId:xiaofuge requestParameter:{"channel":"c01","goodsId":"9890001","source":"s01","userId":"xiaofuge"}
25-08-14.11:39:58.334 [main            ] INFO  MarketNode             - 原商品的信息{"goodsId":"9890001","goodsName":"《手写MyBatis：渐进式源码实践》","originalPrice":100.00}
25-08-14.11:39:58.334 [main            ] INFO  MjDistinctStrategy     - 开始进行满减优惠
25-08-14.11:39:58.334 [main            ] INFO  EndNode                - 拼团商品查询试算服务-EndNode userId:xiaofuge requestParameter:{"channel":"c01","goodsId":"9890001","source":"s01","userId":"xiaofuge"}
25-08-14.11:39:58.335 [main            ] INFO  IIndexGroupBuyMarketServiceTest - 请求参数:{"channel":"c01","goodsId":"9890001","source":"s01","userId":"xiaofuge"}
25-08-14.11:39:58.341 [main            ] INFO  IIndexGroupBuyMarketServiceTest - 返回结果:{"deductionPrice":0.00,"endTime":"2024-12-07 18:19:40","goodsId":"9890001","goodsName":"《手写MyBatis：渐进式源码实践》","isEnable":false,"isVisible":false,"originalPrice":90.00,"startTime":"2024-12-07 18:19:40","targetCount":1}
25-08-14.11:39:58.348 [SpringApplicationShutdownHook] INFO  HikariDataSource       - HikariPool-1 - Shutdown initiated...
25-08-14.11:39:58.719 [SpringApplicationShutdownHook] INFO  HikariDataSource       - HikariPool-1 - Shutdown completed.
